<?xml version="1.0" encoding="UTF-8"?>
<!-- Generated by org.testng.reporters.JUnitReportReporter -->
<testsuite skipped="0" hostname="Naga-PC" name="com.zoopla.pages.testpage" tests="1" failures="0" timestamp="21 Apr 2019 09:57:48 GMT" time="157.613" errors="0">
  <testcase name="verify" time="157.613" classname="com.zoopla.pages.testpage"/>
</testsuite> <!-- com.zoopla.pages.testpage -->
